2020-03-26 14:31:03,737 desired_caps.py[line:29] INFO start APP .....
2020-03-26 15:41:31,605 desired_caps.py[line:28] INFO start APP .....
2020-03-26 15:41:45,222 common_fun.py[line:13] INFO ======================check_cancelBtn=========================
2020-03-26 15:41:50,581 common_fun.py[line:17] INFO ======================No cancelBtn======================
2020-03-26 15:42:09,955 desired_caps.py[line:28] INFO start APP .....
2020-03-26 15:42:26,066 common_fun.py[line:13] INFO ======================check_cancelBtn=========================
2020-03-26 15:42:54,330 desired_caps.py[line:28] INFO start APP .....
2020-03-26 15:43:09,028 common_fun.py[line:13] INFO ======================check_cancelBtn=========================
2020-03-26 15:43:14,057 common_fun.py[line:17] INFO ======================No cancelBtn======================
2020-03-26 15:43:14,057 common_fun.py[line:23] INFO ======================check_skinBtn======================
2020-03-26 15:43:19,284 common_fun.py[line:27] INFO ======================No SkinBtn======================
2020-03-26 15:43:35,021 desired_caps.py[line:28] INFO start APP .....
2020-03-26 15:43:51,487 common_fun.py[line:13] INFO ======================check_cancelBtn=========================
2020-03-26 15:43:52,709 common_fun.py[line:23] INFO ======================check_skinBtn======================
2020-03-26 15:48:32,207 desired_caps.py[line:28] INFO start APP .....
2020-03-26 15:48:45,652 common_fun.py[line:14] INFO ======================check_cancelBtn=========================
2020-03-26 15:48:50,982 common_fun.py[line:18] INFO ======================No cancelBtn======================
2020-03-26 15:48:50,982 common_fun.py[line:24] INFO ======================check_skinBtn======================
2020-03-26 15:48:56,213 common_fun.py[line:28] INFO ======================No SkinBtn======================
2020-03-26 15:55:55,530 desired_caps.py[line:28] INFO start APP .....
2020-03-26 15:56:10,777 common_fun.py[line:14] INFO ======================check_cancelBtn=========================
2020-03-26 15:56:16,142 common_fun.py[line:18] INFO ======================No cancelBtn======================
2020-03-26 15:56:16,142 common_fun.py[line:24] INFO ======================check_skinBtn======================
2020-03-26 15:56:21,367 common_fun.py[line:28] INFO ======================No SkinBtn======================
2020-04-03 14:30:03,806 desired_caps.py[line:28] INFO start APP .....
2020-04-03 14:42:43,226 desired_caps.py[line:28] INFO start APP .....
2020-04-03 14:42:56,340 common_fun.py[line:15] INFO ======================check_cancelBtn=========================
2020-04-03 14:43:01,523 common_fun.py[line:19] INFO ======================No cancelBtn======================
2020-04-03 14:43:01,523 common_fun.py[line:25] INFO ======================check_skinBtn======================
2020-04-03 14:43:08,034 common_fun.py[line:29] INFO ======================No SkinBtn======================
2020-04-03 15:32:03,444 desired_caps.py[line:28] INFO start APP .....
2020-04-03 15:36:43,889 desired_caps.py[line:28] INFO start APP .....
2020-04-03 15:37:01,284 common_fun.py[line:15] INFO ======================check_cancelBtn=========================
2020-04-03 15:40:15,254 desired_caps.py[line:28] INFO start APP .....
2020-04-03 15:40:31,941 common_fun.py[line:13] INFO ======================check_cancelBtn=========================
2020-04-03 15:42:52,570 desired_caps.py[line:28] INFO start APP .....
2020-04-03 15:43:08,751 common_fun.py[line:13] INFO ======================check_cancelBtn=========================
2020-04-03 15:43:37,314 desired_caps.py[line:28] INFO start APP .....
2020-04-03 15:43:53,662 common_fun.py[line:23] INFO ======================check_skinBtn======================
2020-04-03 15:43:58,945 common_fun.py[line:27] INFO ======================No SkinBtn======================
2020-04-03 15:43:58,945 loginView.py[line:16] INFO =====================username_clear====================
2020-04-03 15:44:23,229 desired_caps.py[line:28] INFO start APP .....
2020-04-03 15:44:39,645 common_fun.py[line:13] INFO ======================check_cancelBtn=========================
2020-04-03 15:46:22,757 desired_caps.py[line:28] INFO start APP .....
2020-04-03 15:46:39,151 common_fun.py[line:13] INFO ======================check_cancelBtn=========================
2020-04-03 16:01:57,357 desired_caps.py[line:28] INFO start APP .....
2020-04-03 16:02:11,150 common_fun.py[line:13] INFO ======================check_cancelBtn=========================
2020-04-03 16:02:16,208 common_fun.py[line:17] INFO ======================No cancelBtn======================
2020-04-03 16:02:16,209 common_fun.py[line:23] INFO ======================check_skinBtn======================
2020-04-03 16:02:21,480 common_fun.py[line:27] INFO ======================No SkinBtn======================
2020-04-03 16:05:06,719 desired_caps.py[line:28] INFO start APP .....
2020-04-03 16:06:09,572 desired_caps.py[line:28] INFO start APP .....
2020-04-03 16:08:11,993 desired_caps.py[line:28] INFO start APP .....
2020-04-03 16:08:25,497 common_fun.py[line:13] INFO ======================check_cancelBtn=========================
2020-04-03 16:08:30,684 common_fun.py[line:17] INFO ======================No cancelBtn======================
2020-04-03 16:08:30,684 common_fun.py[line:23] INFO ======================check_skinBtn======================
2020-04-03 16:21:30,419 desired_caps.py[line:28] INFO start APP .....
2020-04-03 16:21:46,584 common_fun.py[line:13] INFO ======================check_cancelBtn=========================
2020-04-03 16:21:47,024 common_fun.py[line:19] INFO ----click_cancelBtn----
2020-04-03 16:21:47,771 common_fun.py[line:24] INFO ======================check_skinBtn======================
2020-04-03 16:21:47,814 common_fun.py[line:30] INFO ----click_skipBtn----
2020-04-03 16:21:47,845 loginView.py[line:16] INFO =====================username_clear====================
2020-04-03 16:21:48,757 loginView.py[line:19] INFO =====================login_username====================
2020-04-03 16:21:48,757 loginView.py[line:20] INFO input username:yuanchaoer
2020-04-03 16:21:50,191 loginView.py[line:23] INFO =====================login_password====================
2020-04-03 16:21:50,191 loginView.py[line:24] INFO input password:qq123456
2020-04-03 16:21:50,740 loginView.py[line:27] INFO =====================click loginBtn====================
2020-04-03 16:24:02,990 desired_caps.py[line:28] INFO start APP .....
2020-04-03 16:24:19,590 common_fun.py[line:13] INFO ======================check_cancelBtn=========================
2020-04-03 16:24:20,235 common_fun.py[line:19] INFO ----click_cancelBtn----
2020-04-03 16:25:17,974 desired_caps.py[line:28] INFO start APP .....
2020-04-03 16:25:40,060 desired_caps.py[line:28] INFO start APP .....
2020-04-03 16:25:55,176 common_fun.py[line:15] INFO ======================check_cancelBtn=========================
2020-04-03 16:25:55,615 common_fun.py[line:21] INFO ----click_cancelBtn----
